<?xml version="1.0" encoding="UTF-8"?>
<testng-results ignored="0" total="1" passed="1" failed="0" skipped="0">
  <reporter-output>
  </reporter-output>
  <suite started-at="2022-10-06T23:41:33 IST" name="Default suite" finished-at="2022-10-06T23:41:47 IST" duration-ms="13709">
    <groups>
    </groups>
    <test started-at="2022-10-06T23:41:33 IST" name="Default test" finished-at="2022-10-06T23:41:47 IST" duration-ms="13709">
      <class name="_12_DatePicker.datePicker">
        <test-method signature="dateChoose()[pri:0, instance:_12_DatePicker.datePicker@5542c4ed]" started-at="2022-10-06T23:41:33 IST" name="dateChoose" finished-at="2022-10-06T23:41:47 IST" duration-ms="13663" status="PASS">
          <reporter-output>
          </reporter-output>
        </test-method> <!-- dateChoose -->
      </class> <!-- _12_DatePicker.datePicker -->
    </test> <!-- Default test -->
  </suite> <!-- Default suite -->
</testng-results>
