<?xml version="1.0" encoding="UTF-8"?>
<!-- Generated by org.testng.reporters.JUnitXMLReporter -->
<testsuite ignored="0" hostname="DESKTOP-5D6FQ8B" failures="1" tests="4" name="Test" time="0.075" errors="0" timestamp="2022-10-06T12:20:16 IST">
  <testcase classname="_8_Listeners.TC1" name="tc1" time="0.012"/>
  <testcase classname="_8_Listeners.TC1" name="tc2" time="0.002"/>
  <testcase classname="_8_Listeners.TC1" name="tc3" time="0.004">
    <failure type="java.lang.AssertionError" message="expected [true] but found [false]">
      <![CDATA[java.lang.AssertionError: expected [true] but found [false]
at _8_Listeners.TC1.tc3(TC1.java:21)
at java.base/java.util.ArrayList.forEach(ArrayList.java:1511)
... Removed 29 stack frames]]>
    </failure>
  </testcase> <!-- tc3 -->
  <testcase classname="_8_Listeners.TC1" name="tc4" time="0.002"/>
</testsuite> <!-- Test -->
